<?xml version="1.0" encoding="UTF-8"?>
<testng-results ignored="0" total="2" passed="2" failed="0" skipped="0">
  <reporter-output>
  </reporter-output>
  <suite started-at="2025-05-23T14:14:38 IST" name="Suite" finished-at="2025-05-23T14:14:46 IST" duration-ms="7616">
    <groups>
    </groups>
    <test started-at="2025-05-23T14:14:38 IST" name="Test" finished-at="2025-05-23T14:14:46 IST" duration-ms="7616">
      <class name="MakeMyTrip.MakeMyTrip.AppTest">
        <test-method signature="shouldAnswerWithTrue()[pri:0, instance:MakeMyTrip.MakeMyTrip.AppTest@662ac478]" started-at="2025-05-23T14:14:44 IST" name="shouldAnswerWithTrue" finished-at="2025-05-23T14:14:44 IST" duration-ms="74" status="PASS">
          <reporter-output>
          </reporter-output>
        </test-method> <!-- shouldAnswerWithTrue -->
      </class> <!-- MakeMyTrip.MakeMyTrip.AppTest -->
      <class name="MakeMyTrip.MakeMyTrip.BaseClass">
        <test-method is-config="true" signature="beforeTest()[pri:0, instance:MakeMyTrip.MakeMyTrip.BaseClass@24313fcc]" started-at="2025-05-23T14:14:38 IST" name="beforeTest" finished-at="2025-05-23T14:14:44 IST" duration-ms="6007" status="PASS">
          <reporter-output>
          </reporter-output>
        </test-method> <!-- beforeTest -->
        <test-method signature="test()[pri:0, instance:MakeMyTrip.MakeMyTrip.BaseClass@24313fcc]" started-at="2025-05-23T14:14:44 IST" name="test" finished-at="2025-05-23T14:14:46 IST" duration-ms="1278" status="PASS">
          <reporter-output>
          </reporter-output>
        </test-method> <!-- test -->
        <test-method is-config="true" signature="afterTest()[pri:0, instance:MakeMyTrip.MakeMyTrip.BaseClass@24313fcc]" started-at="2025-05-23T14:14:46 IST" name="afterTest" finished-at="2025-05-23T14:14:46 IST" duration-ms="190" status="PASS">
          <reporter-output>
          </reporter-output>
        </test-method> <!-- afterTest -->
      </class> <!-- MakeMyTrip.MakeMyTrip.BaseClass -->
    </test> <!-- Test -->
  </suite> <!-- Suite -->
</testng-results>
